Changed database context to 'master'.
Changed database context to 'master'.
Changed database context to 'Sigal'.
Dec 21 2009  1:19PM
Se creo la base de datos Sigal.
Changed database context to 'Sigal'.
Changed database context to 'Sigal'.
Dec 21 2009  1:19PM
Se crearon las tablas de la base de datos Sigal.
Changed database context to 'Sigal'.
Dec 21 2009  1:19PM
Se actualizo la tabla de errores.
Changed database context to 'Sigal'.
Changed database context to 'Sigal'.
Changed database context to 'Sigal'.
Dec 21 2009  1:19PM
Se crearon los triggers para las tablas.
Changed database context to 'msdb'.
Changed database context to 'msdb'.
Changed database context to 'msdb'.
Changed database context to 'msdb'.
Dec 21 2009  1:19PM
Se crearon los jobs en el motor de bases de datos.
Changed database context to 'Sigal'.

(0 rows affected)
Changed database context to 'Sigal'.

(0 rows affected)
Changed database context to 'Sigal'.

(0 rows affected)
Changed database context to 'Sigal'.

(0 rows affected)
Changed database context to 'Sigal'.

(0 rows affected)
Changed database context to 'Sigal'.

(0 rows affected)
Changed database context to 'Sigal'.

(0 rows affected)
Changed database context to 'Sigal'.

(0 rows affected)
Changed database context to 'Sigal'.

(0 rows affected)
Changed database context to 'Sigal'.

(0 rows affected)
Changed database context to 'Sigal'.

(0 rows affected)
Changed database context to 'Sigal'.

(0 rows affected)
Dec 21 2009  1:19PM
Se crearon los stored procedures de insert.
Changed database context to 'Sigal'.
Changed database context to 'Sigal'.
Changed database context to 'Sigal'.
Changed database context to 'Sigal'.
Changed database context to 'Sigal'.
Dec 21 2009  1:19PM
Se crearon los stored procedures de update.
Changed database context to 'Sigal'.
Changed database context to 'Sigal'.
Changed database context to 'Sigal'.
Dec 21 2009  1:19PM
Se crearon los stored procedures de delete.
Changed database context to 'Sigal'.
Changed database context to 'Sigal'.
Changed database context to 'Sigal'.
Changed database context to 'Sigal'.
Changed database context to 'Sigal'.
Changed database context to 'Sigal'.
Changed database context to 'Sigal'.
Changed database context to 'Sigal'.
Changed database context to 'Sigal'.
Changed database context to 'Sigal'.
Changed database context to 'Sigal'.
Changed database context to 'Sigal'.
Changed database context to 'Sigal'.
Dec 21 2009  1:19PM
Se crearon los stored procedures de busqueda.
Changed database context to 'Sigal'.
Changed database context to 'Sigal'.
Changed database context to 'Sigal'.
Changed database context to 'Sigal'.
Changed database context to 'Sigal'.
Changed database context to 'Sigal'.
Changed database context to 'Sigal'.
Changed database context to 'Sigal'.
Changed database context to 'Sigal'.
Changed database context to 'Sigal'.
Changed database context to 'Sigal'.
Changed database context to 'Sigal'.
Changed database context to 'Sigal'.
Changed database context to 'Sigal'.
Changed database context to 'Sigal'.
Changed database context to 'Sigal'.
Changed database context to 'Sigal'.
Changed database context to 'Sigal'.
Changed database context to 'Sigal'.
Changed database context to 'Sigal'.
Changed database context to 'Sigal'.
Changed database context to 'Sigal'.
Dec 21 2009  1:19PM
Se crearon los stored procedures de queries.
Changed database context to 'Sigal'.
Changed database context to 'Sigal'.
Changed database context to 'Sigal'.
Changed database context to 'Sigal'.
Dec 21 2009  1:19PM
Se crearon los stored procedures de seleccion unitaria.
Changed database context to 'Sigal'.
Changed database context to 'Sigal'.
Dec 21 2009  1:19PM
Se inicializo la base de datos
